[debug] [2018-02-01T04:31:48.313Z] ----------------------------------------------------------------------
[debug] [2018-02-01T04:31:48.314Z] Command:       /usr/local/bin/node /usr/local/bin/firebase serve
[debug] [2018-02-01T04:31:48.314Z] CLI Version:   3.17.4
[debug] [2018-02-01T04:31:48.314Z] Platform:      darwin
[debug] [2018-02-01T04:31:48.314Z] Node Version:  v8.7.0
[debug] [2018-02-01T04:31:48.315Z] Time:          Wed Jan 31 2018 20:31:48 GMT-0800 (PST)
[debug] [2018-02-01T04:31:48.315Z] ----------------------------------------------------------------------
[debug] 
[debug] [2018-02-01T04:31:48.324Z] > command requires scopes: ["email","openid","https://www.googleapis.com/auth/cloudplatformprojects.readonly","https://www.googleapis.com/auth/firebase","https://www.googleapis.com/auth/cloud-platform"]
[debug] [2018-02-01T04:31:48.324Z] > authorizing via signed-in user
[debug] [2018-02-01T04:31:48.326Z] >>> HTTP REQUEST GET https://admin.firebase.com/v1/projects/brite-brand  
  
 Wed Jan 31 2018 20:31:48 GMT-0800 (PST)
[debug] [2018-02-01T04:31:49.126Z] <<< HTTP RESPONSE 200
[debug] [2018-02-01T04:31:49.127Z] >>> HTTP REQUEST GET https://admin.firebase.com/v1/database/brite-brand/tokens  
  
 Wed Jan 31 2018 20:31:49 GMT-0800 (PST)
[debug] [2018-02-01T04:31:49.646Z] <<< HTTP RESPONSE 200
[info] 
[info] === Serving from '/Users/michelschoemaker/Desktop/britebrandweb/britebrandweb'...
[info] 
[debug] [2018-02-01T04:31:49.648Z] >>> HTTP REQUEST GET https://cloudresourcemanager.googleapis.com/v1/projects/brite-brand  
  
 Wed Jan 31 2018 20:31:49 GMT-0800 (PST)
[debug] [2018-02-01T04:31:50.171Z] <<< HTTP RESPONSE 200
[debug] [2018-02-01T04:31:50.171Z] >>> HTTP REQUEST GET https://mobilesdk-pa.googleapis.com/v1/projects/441037694481/clients/_:getWebAppConfig  
  
 Wed Jan 31 2018 20:31:50 GMT-0800 (PST)
[debug] [2018-02-01T04:31:50.695Z] <<< HTTP RESPONSE 200
[info] i  hosting: Serving hosting files from: public
[info] ✔  hosting: Local server: http://localhost:5000

